<?xml version="1.0" encoding="UTF-8"?>
<!-- Generated by org.testng.reporters.JUnitReportReporter -->
<testsuite hostname="Keshavs-MacBook-Air.local" failures="0" tests="1" name="demo.example" time="4.456" errors="0" timestamp="2024-06-12T17:10:03 IST" skipped="0">
  <testcase classname="demo.example" name="myTest" time="4.456"/>
</testsuite> <!-- demo.example -->
